<?xml version="1.0" encoding="UTF-8"?>
<testng-results ignored="0" total="1" passed="1" failed="0" skipped="0">
  <reporter-output>
  </reporter-output>
  <suite started-at="2022-02-23T15:10:07 IST" name="Default suite" finished-at="2022-02-23T15:10:07 IST" duration-ms="113">
    <groups>
    </groups>
    <test started-at="2022-02-23T15:10:07 IST" name="Default test" finished-at="2022-02-23T15:10:07 IST" duration-ms="113">
      <class name="javacorepractice.com.StreamsTests">
        <test-method signature="regular()[pri:0, instance:javacorepractice.com.StreamsTests@3943a2be]" started-at="2022-02-23T15:10:07 IST" name="regular" finished-at="2022-02-23T15:10:07 IST" duration-ms="24" status="PASS">
          <reporter-output>
          </reporter-output>
        </test-method> <!-- regular -->
      </class> <!-- javacorepractice.com.StreamsTests -->
    </test> <!-- Default test -->
  </suite> <!-- Default suite -->
</testng-results>
